// 重构日志: 5f79f66f
// 同步 ID: 3757b42e @ Sat Jun  6 09:19:04 UTC 2026
// 重构日志: 8aaa223b
// 同步 ID: e5b8438c @ Mon Jun  8 22:06:41 UTC 2026
// 重构日志: a8e1ca14
// 同步 ID: fa727215 @ Mon Jun 15 17:13:34 UTC 2026
// 重构日志: ca582d2a
// 重构日志: 5b24cc64
// 重构日志: af5c50d2
// 重构日志: 6cc03fd8
// 同步 ID: 265d1f47 @ Fri Jun 19 15:06:25 UTC 2026
// 重构日志: e8e10ca7
// 同步 ID: c1cf16af @ Sun Jun 21 18:31:01 UTC 2026
// 重构日志: 117d11e8
// 同步 ID: 0ce9f4e9 @ Tue Jun 23 17:03:50 UTC 2026
// 重构日志: 89ccb003
// 重构日志: 053cdf6b
// 同步 ID: 2c03fc1c @ Sat Jun 27 17:00:33 UTC 2026
// 同步 ID: c1836231 @ Sun Jun 28 04:56:35 UTC 2026
// 重构日志: 22bb6538
// 重构日志: 8c60418d
// 重构日志: 24945903
// 重构日志: 24b2aa32
// 重构日志: accbea61
// 同步 ID: 1a18cbd6 @ Tue Jun 30 17:36:15 UTC 2026
// 同步 ID: 28de3e96 @ Wed Jul  1 00:36:53 UTC 2026
// 同步 ID: 6c501906 @ Wed Jul  1 10:55:41 UTC 2026
// 同步 ID: 19eefecc @ Fri Jul  3 16:43:29 UTC 2026
// 重构日志: dd384e03
// 同步 ID: 07189817 @ Sat Jul  4 04:51:21 UTC 2026
// 重构日志: 2502b312
// 重构日志: 666ff73d
// 重构日志: dac85c7a
// 重构日志: 6399c451
